Loading captures + computing OD/clean fundamental targets...

CAPTURE OD/clean fundamental ratio (dB) — the bleed-aware anchor targets:
                 82Hz      110Hz      220Hz      440Hz     1000Hz     2000Hz
  dmin        -17.39    -15.94    -13.89    -15.76    -15.93    -10.64
  dnoon       -15.31    -12.00     -9.69    -13.60    -15.20     -9.77
  (dmin = drive-min = the LINEAR anchor; dnoon = drive-noon = better-conditioned cross-check, ~0.3 dB clip compression)

==============================================================================
gm SCAN  —  levelTaperExp = 1.43  (shipped 1.43)
==============================================================================
   gm(mS) | dmin:     82    110    220    440   1000   2000  | dnoon:     82    110    220    440   1000   2000
          | OD/clean ratio ERROR  model - capture  (dB; 0 = gm matches). Hz across top.
    0.030 |   +5.60   +3.65   -0.59   +1.64   +1.80   +0.28 |   +5.99   +1.91   -4.67   -0.10   +1.71   +2.74
    0.050 |   +6.87   +4.77   -0.51   +1.84   +2.08   +2.22 |   +8.03   +3.83   -4.29   +0.35   +2.60   +5.52
    0.070 |   +7.88   +5.70   -0.38   +2.03   +2.40   +3.80 |   +9.55   +5.31   -3.77   +0.77   +3.55   +7.56
    0.090 |   +8.72   +6.49   -0.21   +2.21   +2.74   +5.12 |  +10.74   +6.48   -3.19   +1.15   +4.47   +9.14
    0.120 |   +9.74   +7.46   +0.08   +2.45   +3.28   +6.76 |  +12.13   +7.86   -2.31   +1.67   +5.77  +10.93
    0.160 |  +10.79   +8.48   +0.51   +2.74   +4.03   +8.51 |  +13.51   +9.23   -1.22   +2.28   +7.25  +12.50
    0.200 |  +11.60   +9.28   +0.94   +2.99   +4.76   +9.91 |  +14.54  +10.27   -0.28   +2.81   +8.43  +13.39
    0.300 |  +13.03  +10.69   +1.90   +3.48   +6.41  +12.36 |  +16.30  +12.03   +1.50   +3.86  +10.18  +14.22
    0.500 |  +14.61  +12.27   +3.26   +4.09   +8.74  +14.50 |  +18.18  +13.91   +3.58   +5.19  +11.06  +14.55
    0.690 |  +15.45  +13.11   +4.07   +4.41   +9.90  +15.05 |  +19.14  +14.88   +4.68   +5.95  +11.18  +14.64

  Per-tone gm where OD/clean ratio error crosses 0 (linear interp on the scan):
    dmin   82Hz->none[+5.6,+15.5]  110Hz->none[+3.6,+13.1]  220Hz->0.112mS  440Hz->none[+1.6,+4.4]  1000Hz->none[+1.8,+9.9]  2000Hz->none[+0.3,+15.1]
    dnoon  82Hz->none[+6.0,+19.1]  110Hz->none[+1.9,+14.9]  220Hz->0.216mS  440Hz->0.035mS  1000Hz->none[+1.7,+11.2]  2000Hz->none[+2.7,+14.6]

==============================================================================
gm SCAN  —  levelTaperExp = 2.25  (corrected 2.25)
==============================================================================
   gm(mS) | dmin:     82    110    220    440   1000   2000  | dnoon:     82    110    220    440   1000   2000
          | OD/clean ratio ERROR  model - capture  (dB; 0 = gm matches). Hz across top.
    0.030 |   +2.65   +0.76   -3.06   -0.90   -0.75   -2.88 |   +2.69   -1.32   -7.20   -2.73   -1.01   -0.81
    0.050 |   +3.73   +1.70   -3.02   -0.74   -0.55   -1.19 |   +4.50   +0.36   -6.96   -2.36   -0.36   +1.73
    0.070 |   +4.61   +2.50   -2.93   -0.59   -0.32   +0.22 |   +5.88   +1.68   -6.60   -2.03   +0.36   +3.64
    0.090 |   +5.34   +3.18   -2.82   -0.44   -0.08   +1.43 |   +6.97   +2.75   -6.18   -1.72   +1.09   +5.13
    0.120 |   +6.25   +4.03   -2.61   -0.25   +0.31   +2.94 |   +8.26   +4.02   -5.51   -1.29   +2.16   +6.84
    0.160 |   +7.19   +4.94   -2.30   -0.02   +0.86   +4.58 |   +9.56   +5.31   -4.64   -0.79   +3.43   +8.35
    0.200 |   +7.93   +5.66   -1.98   +0.17   +1.41   +5.90 |  +10.54   +6.28   -3.85   -0.36   +4.49   +9.22
    0.300 |   +9.25   +6.95   -1.22   +0.56   +2.72   +8.24 |  +12.21   +7.96   -2.29   +0.50   +6.11  +10.02
    0.500 |  +10.73   +8.41   -0.10   +1.03   +4.70  +10.31 |  +14.02   +9.77   -0.38   +1.61   +6.96  +10.34
    0.690 |  +11.51   +9.19   +0.60   +1.26   +5.74  +10.85 |  +14.96  +10.71   +0.66   +2.24   +7.06  +10.43

  Per-tone gm where OD/clean ratio error crosses 0 (linear interp on the scan):
    dmin   82Hz->none[+2.7,+11.5]  110Hz->none[+0.8,+9.2]  220Hz->0.526mS  440Hz->0.165mS  1000Hz->0.096mS  2000Hz->0.067mS
    dnoon  82Hz->none[+2.7,+15.0]  110Hz->0.046mS  220Hz->0.569mS  440Hz->0.242mS  1000Hz->0.060mS  2000Hz->0.036mS
